<?xml version="1.0" encoding="UTF-8"?>
<!-- Generated by org.testng.reporters.JUnitXMLReporter -->
<testsuite hostname="DESKTOP-SNP8M5T" name="Default test" tests="4" failures="0" timestamp="20 Jul 2019 23:56:56 GMT" time="20.562" errors="0">
  <testcase name="datatest" time="3.46" classname="excelconcept.exceldataprovider"/>
  <testcase name="datatest" time="2.647" classname="excelconcept.exceldataprovider"/>
  <testcase name="datatest" time="2.648" classname="excelconcept.exceldataprovider"/>
  <testcase name="datatest" time="2.605" classname="excelconcept.exceldataprovider"/>
</testsuite> <!-- Default test -->
