<?xml version="1.0" encoding="UTF-8"?>
<testng-results skipped="0" failed="0" ignored="0" total="1" passed="1">
  <reporter-output>
  </reporter-output>
  <suite name="printline.github.jenkinsgitTest" duration-ms="10263" started-at="2019-07-19T23:59:33Z" finished-at="2019-07-19T23:59:44Z">
    <groups>
    </groups>
    <test name="Command line test" duration-ms="10263" started-at="2019-07-19T23:59:33Z" finished-at="2019-07-19T23:59:44Z">
      <class name="printline.github.jenkinsgitTest">
        <test-method status="PASS" signature="GoogleTest()[pri:0, instance:printline.github.jenkinsgitTest@30c7da1e]" name="GoogleTest" duration-ms="10174" started-at="2019-07-19T23:59:34Z" finished-at="2019-07-19T23:59:44Z">
          <reporter-output>
          </reporter-output>
        </test-method> <!-- GoogleTest -->
      </class> <!-- printline.github.jenkinsgitTest -->
    </test> <!-- Command line test -->
  </suite> <!-- printline.github.jenkinsgitTest -->
</testng-results>
