<?xml version="1.0" encoding="UTF-8"?>
<!-- Generated by org.testng.reporters.JUnitXMLReporter -->
<testsuite hostname="DESKTOP-SNP8M5T" ignored="0" name="Command line test" tests="1" failures="1" timestamp="19 Jul 2019 23:57:01 GMT" time="9.419" errors="0">
  <testcase name="GoogleTest" time="9.313" classname="printline.github.jenkinsgitTest">
    <failure type="java.lang.AssertionError" message="expected [true] but found [false]">
      <![CDATA[java.lang.AssertionError: expected [true] but found [false]
at printline.github.jenkinsgitTest.GoogleTest(jenkinsgitTest.java:22)
... Removed 38 stack frames]]>
    </failure>
  </testcase> <!-- GoogleTest -->
</testsuite> <!-- Command line test -->
